0 info it worked if it ends with ok
1 verbose cli [ '/usr/bin/node', '/usr/bin/npm', 'run', 'serve' ]
2 info using npm@3.5.2
3 info using node@v8.10.0
4 verbose run-script [ 'preserve', 'serve', 'postserve' ]
5 info lifecycle vue-material-kit@1.0.0~preserve: vue-material-kit@1.0.0
6 silly lifecycle vue-material-kit@1.0.0~preserve: no script for preserve, continuing
7 info lifecycle vue-material-kit@1.0.0~serve: vue-material-kit@1.0.0
8 verbose lifecycle vue-material-kit@1.0.0~serve: unsafe-perm in lifecycle true
9 verbose lifecycle vue-material-kit@1.0.0~serve: PATH: /usr/share/npm/bin/node-gyp-bin:/mnt/d/github/webdev/vue-projects/vue-material-kit-v1.0.0/node_modules/.bin:/home/dan/.pyenv/plugins/pyenv-virtualenv/shims:/home/dan/.pyenv/shims:/home/dan/.pyenv/bin:/usr/local/sbin:/usr/local/bin:/usr/sbin:/usr/bin:/sbin:/bin:/usr/games:/usr/local/games:/mnt/c/ProgramData/Oracle/Java/javapath:/mnt/c/Program Files (x86)/NVIDIA Corporation/PhysX/Common:/mnt/c/Program Files (x86)/Intel/iCLS Client:/mnt/c/Program Files/Intel/iCLS Client:/mnt/c/Windows/System32:/mnt/c/Windows:/mnt/c/Windows/System32/wbem:/mnt/c/Windows/System32/WindowsPowerShell/v1.0:/mnt/c/Program Files/Intel/Intel(R) Management Engine Components/DAL:/mnt/c/Program Files/Intel/Intel(R) Management Engine Components/IPT:/mnt/c/Program Files (x86)/Intel/Intel(R) Management Engine Components/DAL:/mnt/c/Program Files (x86)/Intel/Intel(R) Management Engine Components/IPT:/mnt/c/Program Files/Git/git-cmd.exe:/mnt/c/Program Files/OpenVPN/bin:/mnt/c/Users/Dan/selenium/geckodriver.exe:/mnt/c/Users/Dan/selenium/chromedriver.exe:/mnt/c/Users/Dan/selenium:/mnt/c/Program Files/nodejs:/mnt/c/Windows/System32/OpenSSH:/mnt/c/Users/Dan/Anaconda2:/mnt/c/Program Files/Git/bin/git.exe:/mnt/c/Program Files/Git/cmd/git.exe:/mnt/c/Users/Dan/AppData/Local/Microsoft/WindowsApps:/mnt/c/Users/Dan/AppData/Local/atom/bin:/mnt/c/Users/Dan/AppData/Roaming/npm:/mnt/c/Program Files/Git/bin:/mnt/c/Users/Dan/AppData/Local/Microsoft/WindowsApps:/snap/bin
10 verbose lifecycle vue-material-kit@1.0.0~serve: CWD: /mnt/d/github/webdev/vue-projects/vue-material-kit-v1.0.0
11 silly lifecycle vue-material-kit@1.0.0~serve: Args: [ '-c', 'vue-cli-service serve' ]
12 info lifecycle vue-material-kit@1.0.0~serve: Failed to exec serve script
13 verbose stack Error: vue-material-kit@1.0.0 serve: `vue-cli-service serve`
13 verbose stack spawn ENOENT
13 verbose stack     at ChildProcess.<anonymous> (/usr/share/npm/lib/utils/spawn.js:17:16)
13 verbose stack     at emitTwo (events.js:126:13)
13 verbose stack     at ChildProcess.emit (events.js:214:7)
13 verbose stack     at maybeClose (internal/child_process.js:925:16)
13 verbose stack     at Process.ChildProcess._handle.onexit (internal/child_process.js:209:5)
14 verbose pkgid vue-material-kit@1.0.0
15 verbose cwd /mnt/d/github/webdev/vue-projects/vue-material-kit-v1.0.0
16 error Linux 4.4.0-17134-Microsoft
17 error argv "/usr/bin/node" "/usr/bin/npm" "run" "serve"
18 error node v8.10.0
19 error npm  v3.5.2
20 error file sh
21 error code ELIFECYCLE
22 error errno ENOENT
23 error syscall spawn
24 error vue-material-kit@1.0.0 serve: `vue-cli-service serve`
24 error spawn ENOENT
25 error Failed at the vue-material-kit@1.0.0 serve script 'vue-cli-service serve'.
25 error Make sure you have the latest version of node.js and npm installed.
25 error If you do, this is most likely a problem with the vue-material-kit package,
25 error not with npm itself.
25 error Tell the author that this fails on your system:
25 error     vue-cli-service serve
25 error You can get information on how to open an issue for this project with:
25 error     npm bugs vue-material-kit
25 error Or if that isn't available, you can get their info via:
25 error     npm owner ls vue-material-kit
25 error There is likely additional logging output above.
26 verbose exit [ 1, true ]
